[ 2015-05-08T10:29:42+08:00 ] 192.168.8.76 /gmt/src/admin.php/assets/js/ie8-responsive-file-warning.js
INFO: [ app_init ] --START--
INFO: Run Behavior\BuildLiteBehavior [ RunTime:0.000068s ]
INFO: [ app_init ] --END-- [ RunTime:0.001174s ]
ERR: 无法加载模块:Assets

[ 2015-05-08T10:29:43+08:00 ] 192.168.4.22 /gmt/src/admin.php/assets/js/ie8-responsive-file-warning.js
INFO: [ app_init ] --START--
INFO: Run Behavior\BuildLiteBehavior [ RunTime:0.000041s ]
INFO: [ app_init ] --END-- [ RunTime:0.000703s ]
ERR: 无法加载模块:Assets

[ 2015-05-08T10:30:00+08:00 ] 192.168.4.145 /gmt/src/admin.php/assets/js/ie8-responsive-file-warning.js
INFO: [ app_init ] --START--
INFO: Run Behavior\BuildLiteBehavior [ RunTime:0.000028s ]
INFO: [ app_init ] --END-- [ RunTime:0.000460s ]
ERR: 无法加载模块:Assets

[ 2015-05-08T10:33:51+08:00 ] 192.168.8.76 /gmt/src/admin.php/assets/js/ie8-responsive-file-warning.js
INFO: [ app_init ] --START--
INFO: Run Behavior\BuildLiteBehavior [ RunTime:0.000076s ]
INFO: [ app_init ] --END-- [ RunTime:0.001130s ]
ERR: 无法加载模块:Assets

[ 2015-05-08T10:34:42+08:00 ] 192.168.8.76 /gmt/src/admin.php/assets/js/ie8-responsive-file-warning.js
INFO: [ app_init ] --START--
INFO: Run Behavior\BuildLiteBehavior [ RunTime:0.000030s ]
INFO: [ app_init ] --END-- [ RunTime:0.000447s ]
ERR: 无法加载模块:Assets

[ 2015-05-08T10:35:11+08:00 ] 192.168.8.76 /gmt/src/admin.php/assets/js/ie8-responsive-file-warning.js
INFO: [ app_init ] --START--
INFO: Run Behavior\BuildLiteBehavior [ RunTime:0.000021s ]
INFO: [ app_init ] --END-- [ RunTime:0.000346s ]
ERR: 无法加载模块:Assets

[ 2015-05-08T10:35:52+08:00 ] 192.168.8.76 /gmt/src/admin.php/assets/js/ie8-responsive-file-warning.js
INFO: [ app_init ] --START--
INFO: Run Behavior\BuildLiteBehavior [ RunTime:0.000027s ]
INFO: [ app_init ] --END-- [ RunTime:0.000440s ]
ERR: 无法加载模块:Assets

