[ 2015-04-17T18:29:40+08:00 ] 127.0.0.1 /PayGateway_v2/src/admin.php/Home/Admin/Role/roleUser
INFO: [ app_init ] --START--
INFO: Run Behavior\BuildLiteBehavior [ RunTime:0.000028s ]
INFO: [ app_init ] --END-- [ RunTime:0.000888s ]
INFO: [ app_begin ] --START--
INFO: Run Behavior\ReadHtmlCacheBehavior [ RunTime:0.000641s ]
INFO: [ app_begin ] --END-- [ RunTime:0.000752s ]
NOTIC: [2048] Non-static method Home\Lib\Access::_checkPermission() should not be called statically D:\wamp\www\PayGateway_V2\src\admin\Home\Lib\Access.class.php 第 14 行.
SQL: SHOW COLUMNS FROM `admin`.`role_user` [ RunTime:0.0032s ]
NOTIC: [8] Undefined variable: roleId D:\wamp\www\PayGateway_V2\src\admin\Home\Controller\Admin\RoleController.class.php 第 128 行.
SQL: DELETE FROM admin.role_user WHERE `roleId` = null [ RunTime:0.0027s ]

[ 2015-04-17T18:30:19+08:00 ] 127.0.0.1 /PayGateway_v2/src/admin.php/Home/Admin/Role/roleUser/id/2
INFO: [ app_init ] --START--
INFO: Run Behavior\BuildLiteBehavior [ RunTime:0.000032s ]
INFO: [ app_init ] --END-- [ RunTime:0.000605s ]
INFO: [ app_begin ] --START--
INFO: Run Behavior\ReadHtmlCacheBehavior [ RunTime:0.001010s ]
INFO: [ app_begin ] --END-- [ RunTime:0.001194s ]
NOTIC: [2048] Non-static method Home\Lib\Access::_checkPermission() should not be called statically D:\wamp\www\PayGateway_V2\src\admin\Home\Lib\Access.class.php 第 14 行.
SQL: SHOW COLUMNS FROM `admin`.`user` [ RunTime:0.0038s ]
SQL: SELECT * FROM admin.user  [ RunTime:0.0028s ]
SQL: SHOW COLUMNS FROM `admin`.`role_user` [ RunTime:0.0029s ]
SQL: SELECT * FROM admin.role_user WHERE `roleId` = 2  [ RunTime:0.0027s ]
INFO: [ view_parse ] --START--
INFO: [ template_filter ] --START--
INFO: Run Behavior\ContentReplaceBehavior [ RunTime:0.000067s ]
INFO: [ template_filter ] --END-- [ RunTime:0.000167s ]
NOTIC: [8] Undefined variable: title D:\wamp\www\PayGateway_V2\src\admin\Runtime\Cache\Home\e3ccad44e0305fd85f297f391544d8ed.php 第 12 行.
NOTIC: [8] Undefined index: id D:\wamp\www\PayGateway_V2\src\admin\Runtime\Cache\Home\e3ccad44e0305fd85f297f391544d8ed.php 第 45 行.
NOTIC: [8] Undefined index: account D:\wamp\www\PayGateway_V2\src\admin\Runtime\Cache\Home\e3ccad44e0305fd85f297f391544d8ed.php 第 46 行.
NOTIC: [8] Undefined index: name D:\wamp\www\PayGateway_V2\src\admin\Runtime\Cache\Home\e3ccad44e0305fd85f297f391544d8ed.php 第 46 行.
INFO: Run Behavior\ParseTemplateBehavior [ RunTime:0.006744s ]
INFO: [ view_parse ] --END-- [ RunTime:0.006832s ]
INFO: [ view_filter ] --START--
INFO: Run Behavior\WriteHtmlCacheBehavior [ RunTime:0.000315s ]
INFO: [ view_filter ] --END-- [ RunTime:0.000398s ]
INFO: [ app_end ] --START--
INFO: Run Behavior\ShowPageTraceBehavior [ RunTime:0.000525s ]
INFO: [ app_end ] --END-- [ RunTime:0.000616s ]

[ 2015-04-17T18:30:21+08:00 ] 127.0.0.1 /PayGateway_v2/src/admin.php/Home/Admin/Role/roleUser
INFO: [ app_init ] --START--
INFO: Run Behavior\BuildLiteBehavior [ RunTime:0.000020s ]
INFO: [ app_init ] --END-- [ RunTime:0.000347s ]
INFO: [ app_begin ] --START--
INFO: Run Behavior\ReadHtmlCacheBehavior [ RunTime:0.000455s ]
INFO: [ app_begin ] --END-- [ RunTime:0.000539s ]
NOTIC: [2048] Non-static method Home\Lib\Access::_checkPermission() should not be called statically D:\wamp\www\PayGateway_V2\src\admin\Home\Lib\Access.class.php 第 14 行.
SQL: SHOW COLUMNS FROM `admin`.`role_user` [ RunTime:0.0038s ]
SQL: DELETE FROM admin.role_user WHERE `roleId` = 2 [ RunTime:0.0026s ]

[ 2015-04-17T18:30:23+08:00 ] 127.0.0.1 /PayGateway_v2/src/admin.php/Home/Admin/Role/roleUser/id/2
INFO: [ app_init ] --START--
INFO: Run Behavior\BuildLiteBehavior [ RunTime:0.000048s ]
INFO: [ app_init ] --END-- [ RunTime:0.000804s ]
INFO: [ app_begin ] --START--
INFO: Run Behavior\ReadHtmlCacheBehavior [ RunTime:0.001078s ]
INFO: [ app_begin ] --END-- [ RunTime:0.001299s ]
NOTIC: [2048] Non-static method Home\Lib\Access::_checkPermission() should not be called statically D:\wamp\www\PayGateway_V2\src\admin\Home\Lib\Access.class.php 第 14 行.
SQL: SHOW COLUMNS FROM `admin`.`user` [ RunTime:0.0033s ]
SQL: SELECT * FROM admin.user  [ RunTime:0.0029s ]
SQL: SHOW COLUMNS FROM `admin`.`role_user` [ RunTime:0.0031s ]
SQL: SELECT * FROM admin.role_user WHERE `roleId` = 2  [ RunTime:0.0027s ]
INFO: [ view_parse ] --START--
INFO: [ template_filter ] --START--
INFO: Run Behavior\ContentReplaceBehavior [ RunTime:0.000088s ]
INFO: [ template_filter ] --END-- [ RunTime:0.000245s ]
NOTIC: [8] Undefined variable: title D:\wamp\www\PayGateway_V2\src\admin\Runtime\Cache\Home\e3ccad44e0305fd85f297f391544d8ed.php 第 12 行.
INFO: Run Behavior\ParseTemplateBehavior [ RunTime:0.008930s ]
INFO: [ view_parse ] --END-- [ RunTime:0.009056s ]
INFO: [ view_filter ] --START--
INFO: Run Behavior\WriteHtmlCacheBehavior [ RunTime:0.000386s ]
INFO: [ view_filter ] --END-- [ RunTime:0.000518s ]
INFO: [ app_end ] --START--
INFO: Run Behavior\ShowPageTraceBehavior [ RunTime:0.000680s ]
INFO: [ app_end ] --END-- [ RunTime:0.000795s ]

[ 2015-04-17T18:30:35+08:00 ] 127.0.0.1 /PayGateway_v2/src/admin.php/Home/Admin/Role/roleUser
t: 10,11,12,13,14,15,
[ 2015-04-17T18:30:35+08:00 ] 127.0.0.1 /PayGateway_v2/src/admin.php/Home/Admin/Role/roleUser
INFO: [ app_init ] --START--
INFO: Run Behavior\BuildLiteBehavior [ RunTime:0.000030s ]
INFO: [ app_init ] --END-- [ RunTime:0.000493s ]
INFO: [ app_begin ] --START--
INFO: Run Behavior\ReadHtmlCacheBehavior [ RunTime:0.000866s ]
INFO: [ app_begin ] --END-- [ RunTime:0.001015s ]
NOTIC: [2048] Non-static method Home\Lib\Access::_checkPermission() should not be called statically D:\wamp\www\PayGateway_V2\src\admin\Home\Lib\Access.class.php 第 14 行.
SQL: SHOW COLUMNS FROM `admin`.`role_user` [ RunTime:0.0036s ]
SQL: DELETE FROM admin.role_user WHERE `roleId` = 2 [ RunTime:0.0026s ]
SQL: INSERT INTO admin.role_user (`roleId`,`userId`) VALUES ('2','10'),('2','11'),('2','12'),('2','13'),('2','14'),('2','15') [ RunTime:0.0024s ]

[ 2015-04-17T18:30:37+08:00 ] 127.0.0.1 /PayGateway_v2/src/admin.php/Home/Admin/Role/roleUser/id/2
INFO: [ app_init ] --START--
INFO: Run Behavior\BuildLiteBehavior [ RunTime:0.000029s ]
INFO: [ app_init ] --END-- [ RunTime:0.000450s ]
INFO: [ app_begin ] --START--
INFO: Run Behavior\ReadHtmlCacheBehavior [ RunTime:0.000671s ]
INFO: [ app_begin ] --END-- [ RunTime:0.000853s ]
NOTIC: [2048] Non-static method Home\Lib\Access::_checkPermission() should not be called statically D:\wamp\www\PayGateway_V2\src\admin\Home\Lib\Access.class.php 第 14 行.
SQL: SHOW COLUMNS FROM `admin`.`user` [ RunTime:0.0038s ]
SQL: SELECT * FROM admin.user  [ RunTime:0.0033s ]
SQL: SHOW COLUMNS FROM `admin`.`role_user` [ RunTime:0.0036s ]
SQL: SELECT * FROM admin.role_user WHERE `roleId` = 2  [ RunTime:0.0030s ]
INFO: [ view_parse ] --START--
INFO: [ template_filter ] --START--
INFO: Run Behavior\ContentReplaceBehavior [ RunTime:0.000063s ]
INFO: [ template_filter ] --END-- [ RunTime:0.000166s ]
NOTIC: [8] Undefined variable: title D:\wamp\www\PayGateway_V2\src\admin\Runtime\Cache\Home\e3ccad44e0305fd85f297f391544d8ed.php 第 12 行.
INFO: Run Behavior\ParseTemplateBehavior [ RunTime:0.006543s ]
INFO: [ view_parse ] --END-- [ RunTime:0.006630s ]
INFO: [ view_filter ] --START--
INFO: Run Behavior\WriteHtmlCacheBehavior [ RunTime:0.000307s ]
INFO: [ view_filter ] --END-- [ RunTime:0.000381s ]
INFO: [ app_end ] --START--
INFO: Run Behavior\ShowPageTraceBehavior [ RunTime:0.000585s ]
INFO: [ app_end ] --END-- [ RunTime:0.000661s ]

[ 2015-04-17T18:30:40+08:00 ] 127.0.0.1 /PayGateway_v2/src/admin.php/Home/Admin/Role/roleUser
t: 10,13,14,15,
[ 2015-04-17T18:30:40+08:00 ] 127.0.0.1 /PayGateway_v2/src/admin.php/Home/Admin/Role/roleUser
INFO: [ app_init ] --START--
INFO: Run Behavior\BuildLiteBehavior [ RunTime:0.000026s ]
INFO: [ app_init ] --END-- [ RunTime:0.000791s ]
INFO: [ app_begin ] --START--
INFO: Run Behavior\ReadHtmlCacheBehavior [ RunTime:0.000580s ]
INFO: [ app_begin ] --END-- [ RunTime:0.000682s ]
NOTIC: [2048] Non-static method Home\Lib\Access::_checkPermission() should not be called statically D:\wamp\www\PayGateway_V2\src\admin\Home\Lib\Access.class.php 第 14 行.
SQL: SHOW COLUMNS FROM `admin`.`role_user` [ RunTime:0.0044s ]
SQL: DELETE FROM admin.role_user WHERE `roleId` = 2 [ RunTime:0.0023s ]
SQL: INSERT INTO admin.role_user (`roleId`,`userId`) VALUES ('2','10'),('2','13'),('2','14'),('2','15') [ RunTime:0.0027s ]

[ 2015-04-17T18:30:42+08:00 ] 127.0.0.1 /PayGateway_v2/src/admin.php/Home/Admin/Role/roleUser/id/2
INFO: [ app_init ] --START--
INFO: Run Behavior\BuildLiteBehavior [ RunTime:0.000041s ]
INFO: [ app_init ] --END-- [ RunTime:0.000650s ]
INFO: [ app_begin ] --START--
INFO: Run Behavior\ReadHtmlCacheBehavior [ RunTime:0.000972s ]
INFO: [ app_begin ] --END-- [ RunTime:0.001253s ]
NOTIC: [2048] Non-static method Home\Lib\Access::_checkPermission() should not be called statically D:\wamp\www\PayGateway_V2\src\admin\Home\Lib\Access.class.php 第 14 行.
SQL: SHOW COLUMNS FROM `admin`.`user` [ RunTime:0.0032s ]
SQL: SELECT * FROM admin.user  [ RunTime:0.0029s ]
SQL: SHOW COLUMNS FROM `admin`.`role_user` [ RunTime:0.0041s ]
SQL: SELECT * FROM admin.role_user WHERE `roleId` = 2  [ RunTime:0.0028s ]
INFO: [ view_parse ] --START--
INFO: [ template_filter ] --START--
INFO: Run Behavior\ContentReplaceBehavior [ RunTime:0.000075s ]
INFO: [ template_filter ] --END-- [ RunTime:0.000194s ]
NOTIC: [8] Undefined variable: title D:\wamp\www\PayGateway_V2\src\admin\Runtime\Cache\Home\e3ccad44e0305fd85f297f391544d8ed.php 第 12 行.
INFO: Run Behavior\ParseTemplateBehavior [ RunTime:0.006810s ]
INFO: [ view_parse ] --END-- [ RunTime:0.006917s ]
INFO: [ view_filter ] --START--
INFO: Run Behavior\WriteHtmlCacheBehavior [ RunTime:0.000330s ]
INFO: [ view_filter ] --END-- [ RunTime:0.000422s ]
INFO: [ app_end ] --START--
INFO: Run Behavior\ShowPageTraceBehavior [ RunTime:0.000552s ]
INFO: [ app_end ] --END-- [ RunTime:0.000645s ]

[ 2015-04-17T18:30:55+08:00 ] 127.0.0.1 /PayGateway_v2/src/admin.php/Home/Admin/Role/roleUser
t: 10,14,15,
[ 2015-04-17T18:30:55+08:00 ] 127.0.0.1 /PayGateway_v2/src/admin.php/Home/Admin/Role/roleUser
INFO: [ app_init ] --START--
INFO: Run Behavior\BuildLiteBehavior [ RunTime:0.000028s ]
INFO: [ app_init ] --END-- [ RunTime:0.000537s ]
INFO: [ app_begin ] --START--
INFO: Run Behavior\ReadHtmlCacheBehavior [ RunTime:0.000693s ]
INFO: [ app_begin ] --END-- [ RunTime:0.000810s ]
NOTIC: [2048] Non-static method Home\Lib\Access::_checkPermission() should not be called statically D:\wamp\www\PayGateway_V2\src\admin\Home\Lib\Access.class.php 第 14 行.
SQL: SHOW COLUMNS FROM `admin`.`role_user` [ RunTime:0.0035s ]
SQL: DELETE FROM admin.role_user WHERE `roleId` = 2 [ RunTime:0.0027s ]
SQL: INSERT INTO admin.role_user (`roleId`,`userId`) VALUES ('2','10'),('2','14'),('2','15') [ RunTime:0.0027s ]

[ 2015-04-17T18:30:56+08:00 ] 127.0.0.1 /PayGateway_v2/src/admin.php/Home/Admin/Role/roleUser/id/2
INFO: [ app_init ] --START--
INFO: Run Behavior\BuildLiteBehavior [ RunTime:0.000031s ]
INFO: [ app_init ] --END-- [ RunTime:0.000526s ]
INFO: [ app_begin ] --START--
INFO: Run Behavior\ReadHtmlCacheBehavior [ RunTime:0.000795s ]
INFO: [ app_begin ] --END-- [ RunTime:0.000942s ]
NOTIC: [2048] Non-static method Home\Lib\Access::_checkPermission() should not be called statically D:\wamp\www\PayGateway_V2\src\admin\Home\Lib\Access.class.php 第 14 行.
SQL: SHOW COLUMNS FROM `admin`.`user` [ RunTime:0.0038s ]
SQL: SELECT * FROM admin.user  [ RunTime:0.0030s ]
SQL: SHOW COLUMNS FROM `admin`.`role_user` [ RunTime:0.0026s ]
SQL: SELECT * FROM admin.role_user WHERE `roleId` = 2  [ RunTime:0.0022s ]
INFO: [ view_parse ] --START--
INFO: [ template_filter ] --START--
INFO: Run Behavior\ContentReplaceBehavior [ RunTime:0.000106s ]
INFO: [ template_filter ] --END-- [ RunTime:0.000277s ]
NOTIC: [8] Undefined variable: title D:\wamp\www\PayGateway_V2\src\admin\Runtime\Cache\Home\e3ccad44e0305fd85f297f391544d8ed.php 第 12 行.
INFO: Run Behavior\ParseTemplateBehavior [ RunTime:0.010328s ]
INFO: [ view_parse ] --END-- [ RunTime:0.010514s ]
INFO: [ view_filter ] --START--
INFO: Run Behavior\WriteHtmlCacheBehavior [ RunTime:0.000457s ]
INFO: [ view_filter ] --END-- [ RunTime:0.000589s ]
INFO: [ app_end ] --START--
INFO: Run Behavior\ShowPageTraceBehavior [ RunTime:0.000794s ]
INFO: [ app_end ] --END-- [ RunTime:0.000927s ]

[ 2015-04-17T18:31:06+08:00 ] 127.0.0.1 /PayGateway_v2/src/admin.php/Home/Admin/Role/del
INFO: [ app_init ] --START--
INFO: Run Behavior\BuildLiteBehavior [ RunTime:0.000041s ]
INFO: [ app_init ] --END-- [ RunTime:0.000673s ]
INFO: [ app_begin ] --START--
INFO: Run Behavior\ReadHtmlCacheBehavior [ RunTime:0.000953s ]
INFO: [ app_begin ] --END-- [ RunTime:0.001128s ]
NOTIC: [2048] Non-static method Home\Lib\Access::_checkPermission() should not be called statically D:\wamp\www\PayGateway_V2\src\admin\Home\Lib\Access.class.php 第 14 行.
SQL: SHOW COLUMNS FROM `admin`.`role` [ RunTime:0.0036s ]
SQL: SELECT * FROM admin.role WHERE `id` = 2 LIMIT 1   [ RunTime:0.0022s ]
SQL: DELETE FROM admin.role WHERE `id` = 2 [ RunTime:0.0028s ]
SQL: SHOW COLUMNS FROM `admin`.`role_user` [ RunTime:0.0027s ]
SQL: DELETE FROM admin.role_user WHERE `roleId` = 2 [ RunTime:0.0025s ]

[ 2015-04-17T18:31:07+08:00 ] 127.0.0.1 /PayGateway_v2/src/admin.php/Home/Admin/Role
INFO: [ app_init ] --START--
INFO: Run Behavior\BuildLiteBehavior [ RunTime:0.000040s ]
INFO: [ app_init ] --END-- [ RunTime:0.000660s ]
INFO: [ app_begin ] --START--
INFO: Run Behavior\ReadHtmlCacheBehavior [ RunTime:0.000957s ]
INFO: [ app_begin ] --END-- [ RunTime:0.001151s ]
NOTIC: [2048] Non-static method Home\Lib\Access::_checkPermission() should not be called statically D:\wamp\www\PayGateway_V2\src\admin\Home\Lib\Access.class.php 第 14 行.
SQL: SHOW COLUMNS FROM `admin`.`role` [ RunTime:0.0040s ]
SQL: SELECT COUNT(*) AS tp_count FROM admin.role LIMIT 1   [ RunTime:0.0030s ]
SQL: SELECT * FROM admin.role LIMIT 0,10   [ RunTime:0.0025s ]
INFO: [ view_parse ] --START--
INFO: [ template_filter ] --START--
INFO: Run Behavior\ContentReplaceBehavior [ RunTime:0.000197s ]
INFO: [ template_filter ] --END-- [ RunTime:0.000405s ]
NOTIC: [8] Undefined variable: title D:\wamp\www\PayGateway_V2\src\admin\Runtime\Cache\Home\61aff0bb96477051bf0ddeb34209b7fc.php 第 12 行.
INFO: Run Behavior\ParseTemplateBehavior [ RunTime:0.016923s ]
INFO: [ view_parse ] --END-- [ RunTime:0.017117s ]
INFO: [ view_filter ] --START--
INFO: Run Behavior\WriteHtmlCacheBehavior [ RunTime:0.000598s ]
INFO: [ view_filter ] --END-- [ RunTime:0.000771s ]
INFO: [ app_end ] --START--
INFO: Run Behavior\ShowPageTraceBehavior [ RunTime:0.001065s ]
INFO: [ app_end ] --END-- [ RunTime:0.001246s ]

[ 2015-04-17T18:31:46+08:00 ] 127.0.0.1 /PayGateway_v2/src/admin.php/Home/Admin/Role
INFO: [ app_init ] --START--
INFO: Run Behavior\BuildLiteBehavior [ RunTime:0.000040s ]
INFO: [ app_init ] --END-- [ RunTime:0.000695s ]
INFO: [ app_begin ] --START--
INFO: Run Behavior\ReadHtmlCacheBehavior [ RunTime:0.001064s ]
INFO: [ app_begin ] --END-- [ RunTime:0.001262s ]
NOTIC: [2048] Non-static method Home\Lib\Access::_checkPermission() should not be called statically D:\wamp\www\PayGateway_V2\src\admin\Home\Lib\Access.class.php 第 14 行.
SQL: SHOW COLUMNS FROM `admin`.`role` [ RunTime:0.0040s ]
SQL: SELECT COUNT(*) AS tp_count FROM admin.role LIMIT 1   [ RunTime:0.0024s ]
SQL: SELECT * FROM admin.role LIMIT 0,10   [ RunTime:0.0021s ]
INFO: [ view_parse ] --START--
INFO: [ template_filter ] --START--
INFO: Run Behavior\ContentReplaceBehavior [ RunTime:0.000198s ]
INFO: [ template_filter ] --END-- [ RunTime:0.000419s ]
NOTIC: [8] Undefined variable: title D:\wamp\www\PayGateway_V2\src\admin\Runtime\Cache\Home\61aff0bb96477051bf0ddeb34209b7fc.php 第 12 行.
INFO: Run Behavior\ParseTemplateBehavior [ RunTime:0.017246s ]
INFO: [ view_parse ] --END-- [ RunTime:0.017447s ]
INFO: [ view_filter ] --START--
INFO: Run Behavior\WriteHtmlCacheBehavior [ RunTime:0.000615s ]
INFO: [ view_filter ] --END-- [ RunTime:0.000787s ]
INFO: [ app_end ] --START--
INFO: Run Behavior\ShowPageTraceBehavior [ RunTime:0.000965s ]
INFO: [ app_end ] --END-- [ RunTime:0.001135s ]

[ 2015-04-17T18:31:48+08:00 ] 127.0.0.1 /PayGateway_v2/src/admin.php/Home/Admin/Permission
INFO: [ app_init ] --START--
INFO: Run Behavior\BuildLiteBehavior [ RunTime:0.000036s ]
INFO: [ app_init ] --END-- [ RunTime:0.000690s ]
INFO: [ app_begin ] --START--
INFO: Run Behavior\ReadHtmlCacheBehavior [ RunTime:0.000828s ]
INFO: [ app_begin ] --END-- [ RunTime:0.000995s ]
NOTIC: [2048] Non-static method Home\Lib\Access::_checkPermission() should not be called statically D:\wamp\www\PayGateway_V2\src\admin\Home\Lib\Access.class.php 第 14 行.
SQL: SHOW COLUMNS FROM `admin`.`permission` [ RunTime:0.0036s ]
SQL: SELECT * FROM admin.permission  [ RunTime:0.0029s ]
INFO: [ view_parse ] --START--
INFO: [ template_filter ] --START--
INFO: Run Behavior\ContentReplaceBehavior [ RunTime:0.000161s ]
INFO: [ template_filter ] --END-- [ RunTime:0.000259s ]
NOTIC: [8] Undefined variable: title D:\wamp\www\PayGateway_V2\src\admin\Runtime\Cache\Home\442eb3ef9748289f54ddb9cfe86f2fdb.php 第 12 行.
INFO: Run Behavior\ParseTemplateBehavior [ RunTime:0.009907s ]
INFO: [ view_parse ] --END-- [ RunTime:0.010008s ]
INFO: [ view_filter ] --START--
INFO: Run Behavior\WriteHtmlCacheBehavior [ RunTime:0.000283s ]
INFO: [ view_filter ] --END-- [ RunTime:0.000361s ]
INFO: [ app_end ] --START--
INFO: Run Behavior\ShowPageTraceBehavior [ RunTime:0.000464s ]
INFO: [ app_end ] --END-- [ RunTime:0.000540s ]

[ 2015-04-17T18:31:49+08:00 ] 127.0.0.1 /PayGateway_v2/src/admin.php/Home/Admin/User
INFO: [ app_init ] --START--
INFO: Run Behavior\BuildLiteBehavior [ RunTime:0.000059s ]
INFO: [ app_init ] --END-- [ RunTime:0.001032s ]
INFO: [ app_begin ] --START--
INFO: Run Behavior\ReadHtmlCacheBehavior [ RunTime:0.000718s ]
INFO: [ app_begin ] --END-- [ RunTime:0.000863s ]
NOTIC: [2048] Non-static method Home\Lib\Access::_checkPermission() should not be called statically D:\wamp\www\PayGateway_V2\src\admin\Home\Lib\Access.class.php 第 14 行.
SQL: SHOW COLUMNS FROM `admin`.`user` [ RunTime:0.0035s ]
SQL: SELECT COUNT(*) AS tp_count FROM admin.user LIMIT 1   [ RunTime:0.0026s ]
SQL: SELECT * FROM admin.user LIMIT 0,10   [ RunTime:0.0022s ]
INFO: [ view_parse ] --START--
INFO: [ template_filter ] --START--
INFO: Run Behavior\ContentReplaceBehavior [ RunTime:0.000189s ]
INFO: [ template_filter ] --END-- [ RunTime:0.000391s ]
NOTIC: [8] Undefined variable: title D:\wamp\www\PayGateway_V2\src\admin\Runtime\Cache\Home\b397220092e8eab9cf8f7de3b74845b7.php 第 12 行.
INFO: Run Behavior\ParseTemplateBehavior [ RunTime:0.013925s ]
INFO: [ view_parse ] --END-- [ RunTime:0.014068s ]
INFO: [ view_filter ] --START--
INFO: Run Behavior\WriteHtmlCacheBehavior [ RunTime:0.000458s ]
INFO: [ view_filter ] --END-- [ RunTime:0.000585s ]
INFO: [ app_end ] --START--
INFO: Run Behavior\ShowPageTraceBehavior [ RunTime:0.000726s ]
INFO: [ app_end ] --END-- [ RunTime:0.000850s ]

[ 2015-04-17T18:31:55+08:00 ] 127.0.0.1 /PayGateway_v2/src/admin.php/Home/Admin/User/del
INFO: [ app_init ] --START--
INFO: Run Behavior\BuildLiteBehavior [ RunTime:0.000027s ]
INFO: [ app_init ] --END-- [ RunTime:0.000498s ]
INFO: [ app_begin ] --START--
INFO: Run Behavior\ReadHtmlCacheBehavior [ RunTime:0.000618s ]
INFO: [ app_begin ] --END-- [ RunTime:0.000729s ]
NOTIC: [2048] Non-static method Home\Lib\Access::_checkPermission() should not be called statically D:\wamp\www\PayGateway_V2\src\admin\Home\Lib\Access.class.php 第 14 行.
SQL: SHOW COLUMNS FROM `admin`.`user` [ RunTime:0.0039s ]
SQL: SELECT * FROM admin.user WHERE `id` = 15 LIMIT 1   [ RunTime:0.0029s ]
SQL: DELETE FROM admin.user WHERE `id` = 15 [ RunTime:0.0034s ]
SQL: SHOW COLUMNS FROM `admin`.`role_user` [ RunTime:0.0032s ]
SQL: DELETE FROM admin.role_user WHERE `userId` = 15 [ RunTime:0.0025s ]

[ 2015-04-17T18:31:57+08:00 ] 127.0.0.1 /PayGateway_v2/src/admin.php/Home/Admin/User
INFO: [ app_init ] --START--
INFO: Run Behavior\BuildLiteBehavior [ RunTime:0.000024s ]
INFO: [ app_init ] --END-- [ RunTime:0.000412s ]
INFO: [ app_begin ] --START--
INFO: Run Behavior\ReadHtmlCacheBehavior [ RunTime:0.000555s ]
INFO: [ app_begin ] --END-- [ RunTime:0.000669s ]
NOTIC: [2048] Non-static method Home\Lib\Access::_checkPermission() should not be called statically D:\wamp\www\PayGateway_V2\src\admin\Home\Lib\Access.class.php 第 14 行.
SQL: SHOW COLUMNS FROM `admin`.`user` [ RunTime:0.0040s ]
SQL: SELECT COUNT(*) AS tp_count FROM admin.user LIMIT 1   [ RunTime:0.0020s ]
SQL: SELECT * FROM admin.user LIMIT 0,10   [ RunTime:0.0028s ]
INFO: [ view_parse ] --START--
INFO: [ template_filter ] --START--
INFO: Run Behavior\ContentReplaceBehavior [ RunTime:0.000127s ]
INFO: [ template_filter ] --END-- [ RunTime:0.000249s ]
NOTIC: [8] Undefined variable: title D:\wamp\www\PayGateway_V2\src\admin\Runtime\Cache\Home\b397220092e8eab9cf8f7de3b74845b7.php 第 12 行.
INFO: Run Behavior\ParseTemplateBehavior [ RunTime:0.010730s ]
INFO: [ view_parse ] --END-- [ RunTime:0.010864s ]
INFO: [ view_filter ] --START--
INFO: Run Behavior\WriteHtmlCacheBehavior [ RunTime:0.000364s ]
INFO: [ view_filter ] --END-- [ RunTime:0.000465s ]
INFO: [ app_end ] --START--
INFO: Run Behavior\ShowPageTraceBehavior [ RunTime:0.000583s ]
INFO: [ app_end ] --END-- [ RunTime:0.000684s ]

[ 2015-04-17T18:32:00+08:00 ] 127.0.0.1 /PayGateway_v2/src/admin.php/Home/Admin/User/del
INFO: [ app_init ] --START--
INFO: Run Behavior\BuildLiteBehavior [ RunTime:0.000030s ]
INFO: [ app_init ] --END-- [ RunTime:0.000520s ]
INFO: [ app_begin ] --START--
INFO: Run Behavior\ReadHtmlCacheBehavior [ RunTime:0.000680s ]
INFO: [ app_begin ] --END-- [ RunTime:0.000807s ]
NOTIC: [2048] Non-static method Home\Lib\Access::_checkPermission() should not be called statically D:\wamp\www\PayGateway_V2\src\admin\Home\Lib\Access.class.php 第 14 行.
SQL: SHOW COLUMNS FROM `admin`.`user` [ RunTime:0.0037s ]
SQL: SELECT * FROM admin.user WHERE `id` = 14 LIMIT 1   [ RunTime:0.0024s ]
SQL: DELETE FROM admin.user WHERE `id` = 14 [ RunTime:0.0028s ]
SQL: SHOW COLUMNS FROM `admin`.`role_user` [ RunTime:0.0031s ]
SQL: DELETE FROM admin.role_user WHERE `userId` = 14 [ RunTime:0.0025s ]

[ 2015-04-17T18:32:01+08:00 ] 127.0.0.1 /PayGateway_v2/src/admin.php/Home/Admin/User
INFO: [ app_init ] --START--
INFO: Run Behavior\BuildLiteBehavior [ RunTime:0.000035s ]
INFO: [ app_init ] --END-- [ RunTime:0.000599s ]
INFO: [ app_begin ] --START--
INFO: Run Behavior\ReadHtmlCacheBehavior [ RunTime:0.000859s ]
INFO: [ app_begin ] --END-- [ RunTime:0.001033s ]
NOTIC: [2048] Non-static method Home\Lib\Access::_checkPermission() should not be called statically D:\wamp\www\PayGateway_V2\src\admin\Home\Lib\Access.class.php 第 14 行.
SQL: SHOW COLUMNS FROM `admin`.`user` [ RunTime:0.0037s ]
SQL: SELECT COUNT(*) AS tp_count FROM admin.user LIMIT 1   [ RunTime:0.0027s ]
SQL: SELECT * FROM admin.user LIMIT 0,10   [ RunTime:0.0028s ]
INFO: [ view_parse ] --START--
INFO: [ template_filter ] --START--
INFO: Run Behavior\ContentReplaceBehavior [ RunTime:0.000188s ]
INFO: [ template_filter ] --END-- [ RunTime:0.000497s ]
NOTIC: [8] Undefined variable: title D:\wamp\www\PayGateway_V2\src\admin\Runtime\Cache\Home\b397220092e8eab9cf8f7de3b74845b7.php 第 12 行.
INFO: Run Behavior\ParseTemplateBehavior [ RunTime:0.016641s ]
INFO: [ view_parse ] --END-- [ RunTime:0.016853s ]
INFO: [ view_filter ] --START--
INFO: Run Behavior\WriteHtmlCacheBehavior [ RunTime:0.000576s ]
INFO: [ view_filter ] --END-- [ RunTime:0.000733s ]
INFO: [ app_end ] --START--
INFO: Run Behavior\ShowPageTraceBehavior [ RunTime:0.000905s ]
INFO: [ app_end ] --END-- [ RunTime:0.001054s ]

[ 2015-04-17T18:32:40+08:00 ] 127.0.0.1 /PayGateway_v2/src/admin.php/Home/Admin/User
INFO: [ app_init ] --START--
INFO: Run Behavior\BuildLiteBehavior [ RunTime:0.000030s ]
INFO: [ app_init ] --END-- [ RunTime:0.000468s ]
INFO: [ app_begin ] --START--
INFO: Run Behavior\ReadHtmlCacheBehavior [ RunTime:0.000657s ]
INFO: [ app_begin ] --END-- [ RunTime:0.000790s ]
NOTIC: [2048] Non-static method Home\Lib\Access::_checkPermission() should not be called statically D:\wamp\www\PayGateway_V2\src\admin\Home\Lib\Access.class.php 第 14 行.
SQL: SHOW COLUMNS FROM `admin`.`user` [ RunTime:0.0040s ]
SQL: SELECT COUNT(*) AS tp_count FROM admin.user LIMIT 1   [ RunTime:0.0029s ]
SQL: SELECT * FROM admin.user LIMIT 0,10   [ RunTime:0.0030s ]
INFO: [ view_parse ] --START--
INFO: [ template_filter ] --START--
INFO: Run Behavior\ContentReplaceBehavior [ RunTime:0.000094s ]
INFO: [ template_filter ] --END-- [ RunTime:0.000191s ]
NOTIC: [8] Undefined variable: title D:\wamp\www\PayGateway_V2\src\admin\Runtime\Cache\Home\b397220092e8eab9cf8f7de3b74845b7.php 第 12 行.
INFO: Run Behavior\ParseTemplateBehavior [ RunTime:0.008476s ]
INFO: [ view_parse ] --END-- [ RunTime:0.008562s ]
INFO: [ view_filter ] --START--
INFO: Run Behavior\WriteHtmlCacheBehavior [ RunTime:0.000318s ]
INFO: [ view_filter ] --END-- [ RunTime:0.000397s ]
INFO: [ app_end ] --START--
INFO: Run Behavior\ShowPageTraceBehavior [ RunTime:0.000441s ]
INFO: [ app_end ] --END-- [ RunTime:0.000517s ]

[ 2015-04-17T18:32:42+08:00 ] 127.0.0.1 /PayGateway_v2/src/admin.php/Home/Admin/User/del
INFO: [ app_init ] --START--
INFO: Run Behavior\BuildLiteBehavior [ RunTime:0.000027s ]
INFO: [ app_init ] --END-- [ RunTime:0.000436s ]
INFO: [ app_begin ] --START--
INFO: Run Behavior\ReadHtmlCacheBehavior [ RunTime:0.000644s ]
INFO: [ app_begin ] --END-- [ RunTime:0.000761s ]
NOTIC: [2048] Non-static method Home\Lib\Access::_checkPermission() should not be called statically D:\wamp\www\PayGateway_V2\src\admin\Home\Lib\Access.class.php 第 14 行.
SQL: SHOW COLUMNS FROM `admin`.`user` [ RunTime:0.0039s ]
SQL: SELECT * FROM admin.user WHERE `id` = 15 LIMIT 1   [ RunTime:0.0028s ]
SQL: DELETE FROM admin.user WHERE `id` = 15 [ RunTime:0.0032s ]
SQL: SHOW COLUMNS FROM `admin`.`role_user` [ RunTime:0.0031s ]
SQL: DELETE FROM admin.role_user WHERE `userId` = 15 [ RunTime:0.0026s ]

[ 2015-04-17T18:32:44+08:00 ] 127.0.0.1 /PayGateway_v2/src/admin.php/Home/Admin/User
INFO: [ app_init ] --START--
INFO: Run Behavior\BuildLiteBehavior [ RunTime:0.000042s ]
INFO: [ app_init ] --END-- [ RunTime:0.000664s ]
INFO: [ app_begin ] --START--
INFO: Run Behavior\ReadHtmlCacheBehavior [ RunTime:0.000956s ]
INFO: [ app_begin ] --END-- [ RunTime:0.001155s ]
NOTIC: [2048] Non-static method Home\Lib\Access::_checkPermission() should not be called statically D:\wamp\www\PayGateway_V2\src\admin\Home\Lib\Access.class.php 第 14 行.
SQL: SHOW COLUMNS FROM `admin`.`user` [ RunTime:0.0042s ]
SQL: SELECT COUNT(*) AS tp_count FROM admin.user LIMIT 1   [ RunTime:0.0021s ]
SQL: SELECT * FROM admin.user LIMIT 0,10   [ RunTime:0.0030s ]
INFO: [ view_parse ] --START--
INFO: [ template_filter ] --START--
INFO: Run Behavior\ContentReplaceBehavior [ RunTime:0.000137s ]
INFO: [ template_filter ] --END-- [ RunTime:0.000277s ]
NOTIC: [8] Undefined variable: title D:\wamp\www\PayGateway_V2\src\admin\Runtime\Cache\Home\b397220092e8eab9cf8f7de3b74845b7.php 第 12 行.
INFO: Run Behavior\ParseTemplateBehavior [ RunTime:0.011613s ]
INFO: [ view_parse ] --END-- [ RunTime:0.011740s ]
INFO: [ view_filter ] --START--
INFO: Run Behavior\WriteHtmlCacheBehavior [ RunTime:0.000399s ]
INFO: [ view_filter ] --END-- [ RunTime:0.000513s ]
INFO: [ app_end ] --START--
INFO: Run Behavior\ShowPageTraceBehavior [ RunTime:0.000639s ]
INFO: [ app_end ] --END-- [ RunTime:0.000749s ]

[ 2015-04-17T18:32:46+08:00 ] 127.0.0.1 /PayGateway_v2/src/admin.php/Home/Admin/User/del
INFO: [ app_init ] --START--
INFO: Run Behavior\BuildLiteBehavior [ RunTime:0.000036s ]
INFO: [ app_init ] --END-- [ RunTime:0.000608s ]
INFO: [ app_begin ] --START--
INFO: Run Behavior\ReadHtmlCacheBehavior [ RunTime:0.000798s ]
INFO: [ app_begin ] --END-- [ RunTime:0.000947s ]
NOTIC: [2048] Non-static method Home\Lib\Access::_checkPermission() should not be called statically D:\wamp\www\PayGateway_V2\src\admin\Home\Lib\Access.class.php 第 14 行.
SQL: SHOW COLUMNS FROM `admin`.`user` [ RunTime:0.0042s ]
SQL: SELECT * FROM admin.user WHERE `id` = 14 LIMIT 1   [ RunTime:0.0028s ]
SQL: DELETE FROM admin.user WHERE `id` = 14 [ RunTime:0.0026s ]
SQL: SHOW COLUMNS FROM `admin`.`role_user` [ RunTime:0.0034s ]
SQL: DELETE FROM admin.role_user WHERE `userId` = 14 [ RunTime:0.0024s ]

[ 2015-04-17T18:32:47+08:00 ] 127.0.0.1 /PayGateway_v2/src/admin.php/Home/Admin/User
INFO: [ app_init ] --START--
INFO: Run Behavior\BuildLiteBehavior [ RunTime:0.000027s ]
INFO: [ app_init ] --END-- [ RunTime:0.000450s ]
INFO: [ app_begin ] --START--
INFO: Run Behavior\ReadHtmlCacheBehavior [ RunTime:0.000622s ]
INFO: [ app_begin ] --END-- [ RunTime:0.000745s ]
NOTIC: [2048] Non-static method Home\Lib\Access::_checkPermission() should not be called statically D:\wamp\www\PayGateway_V2\src\admin\Home\Lib\Access.class.php 第 14 行.
SQL: SHOW COLUMNS FROM `admin`.`user` [ RunTime:0.0041s ]
SQL: SELECT COUNT(*) AS tp_count FROM admin.user LIMIT 1   [ RunTime:0.0025s ]
SQL: SELECT * FROM admin.user LIMIT 0,10   [ RunTime:0.0032s ]
INFO: [ view_parse ] --START--
INFO: [ template_filter ] --START--
INFO: Run Behavior\ContentReplaceBehavior [ RunTime:0.000146s ]
INFO: [ template_filter ] --END-- [ RunTime:0.000290s ]
NOTIC: [8] Undefined variable: title D:\wamp\www\PayGateway_V2\src\admin\Runtime\Cache\Home\b397220092e8eab9cf8f7de3b74845b7.php 第 12 行.
INFO: Run Behavior\ParseTemplateBehavior [ RunTime:0.011832s ]
INFO: [ view_parse ] --END-- [ RunTime:0.011959s ]
INFO: [ view_filter ] --START--
INFO: Run Behavior\WriteHtmlCacheBehavior [ RunTime:0.000400s ]
INFO: [ view_filter ] --END-- [ RunTime:0.000509s ]
INFO: [ app_end ] --START--
INFO: Run Behavior\ShowPageTraceBehavior [ RunTime:0.000647s ]
INFO: [ app_end ] --END-- [ RunTime:0.000758s ]

[ 2015-04-17T18:33:07+08:00 ] 127.0.0.1 /PayGateway_v2/src/admin.php/Home/Admin/Role
INFO: [ app_init ] --START--
INFO: Run Behavior\BuildLiteBehavior [ RunTime:0.000049s ]
INFO: [ app_init ] --END-- [ RunTime:0.000776s ]
INFO: [ app_begin ] --START--
INFO: Run Behavior\ReadHtmlCacheBehavior [ RunTime:0.001105s ]
INFO: [ app_begin ] --END-- [ RunTime:0.001329s ]
NOTIC: [2048] Non-static method Home\Lib\Access::_checkPermission() should not be called statically D:\wamp\www\PayGateway_V2\src\admin\Home\Lib\Access.class.php 第 14 行.
SQL: SHOW COLUMNS FROM `admin`.`role` [ RunTime:0.0038s ]
SQL: SELECT COUNT(*) AS tp_count FROM admin.role LIMIT 1   [ RunTime:0.0024s ]
SQL: SELECT * FROM admin.role LIMIT 0,10   [ RunTime:0.0032s ]
INFO: [ view_parse ] --START--
INFO: [ template_filter ] --START--
INFO: Run Behavior\ContentReplaceBehavior [ RunTime:0.000229s ]
INFO: [ template_filter ] --END-- [ RunTime:0.000476s ]
NOTIC: [8] Undefined variable: title D:\wamp\www\PayGateway_V2\src\admin\Runtime\Cache\Home\61aff0bb96477051bf0ddeb34209b7fc.php 第 12 行.
INFO: Run Behavior\ParseTemplateBehavior [ RunTime:0.019682s ]
INFO: [ view_parse ] --END-- [ RunTime:0.019903s ]
INFO: [ view_filter ] --START--
INFO: Run Behavior\WriteHtmlCacheBehavior [ RunTime:0.000698s ]
INFO: [ view_filter ] --END-- [ RunTime:0.000896s ]
INFO: [ app_end ] --START--
INFO: Run Behavior\ShowPageTraceBehavior [ RunTime:0.001187s ]
INFO: [ app_end ] --END-- [ RunTime:0.001389s ]

[ 2015-04-17T18:33:08+08:00 ] 127.0.0.1 /PayGateway_v2/src/admin.php/Home/Admin/Permission
INFO: [ app_init ] --START--
INFO: Run Behavior\BuildLiteBehavior [ RunTime:0.000036s ]
INFO: [ app_init ] --END-- [ RunTime:0.000578s ]
INFO: [ app_begin ] --START--
INFO: Run Behavior\ReadHtmlCacheBehavior [ RunTime:0.000837s ]
INFO: [ app_begin ] --END-- [ RunTime:0.001009s ]
NOTIC: [2048] Non-static method Home\Lib\Access::_checkPermission() should not be called statically D:\wamp\www\PayGateway_V2\src\admin\Home\Lib\Access.class.php 第 14 行.
SQL: SHOW COLUMNS FROM `admin`.`permission` [ RunTime:0.0035s ]
SQL: SELECT * FROM admin.permission  [ RunTime:0.0029s ]
INFO: [ view_parse ] --START--
INFO: [ template_filter ] --START--
INFO: Run Behavior\ContentReplaceBehavior [ RunTime:0.000121s ]
INFO: [ template_filter ] --END-- [ RunTime:0.000213s ]
NOTIC: [8] Undefined variable: title D:\wamp\www\PayGateway_V2\src\admin\Runtime\Cache\Home\442eb3ef9748289f54ddb9cfe86f2fdb.php 第 12 行.
INFO: Run Behavior\ParseTemplateBehavior [ RunTime:0.009488s ]
INFO: [ view_parse ] --END-- [ RunTime:0.009611s ]
INFO: [ view_filter ] --START--
INFO: Run Behavior\WriteHtmlCacheBehavior [ RunTime:0.000274s ]
INFO: [ view_filter ] --END-- [ RunTime:0.000353s ]
INFO: [ app_end ] --START--
INFO: Run Behavior\ShowPageTraceBehavior [ RunTime:0.000437s ]
INFO: [ app_end ] --END-- [ RunTime:0.000516s ]

[ 2015-04-17T18:33:30+08:00 ] 127.0.0.1 /PayGateway_v2/src/admin.php/Home/Admin/Permission/add
INFO: [ app_init ] --START--
INFO: Run Behavior\BuildLiteBehavior [ RunTime:0.000028s ]
INFO: [ app_init ] --END-- [ RunTime:0.000478s ]
INFO: [ app_begin ] --START--
INFO: Run Behavior\ReadHtmlCacheBehavior [ RunTime:0.000662s ]
INFO: [ app_begin ] --END-- [ RunTime:0.000782s ]
NOTIC: [2048] Non-static method Home\Lib\Access::_checkPermission() should not be called statically D:\wamp\www\PayGateway_V2\src\admin\Home\Lib\Access.class.php 第 14 行.
SQL: SHOW COLUMNS FROM `admin`.`permission` [ RunTime:0.0028s ]
SQL: SELECT * FROM admin.permission WHERE `pid` = 13 AND `code` = 'Order' LIMIT 1   [ RunTime:0.0028s ]
SQL: INSERT INTO admin.permission (`name`,`code`,`pid`) VALUES ('订单','Order','13') [ RunTime:0.0392s ]

[ 2015-04-17T18:33:30+08:00 ] 127.0.0.1 /PayGateway_v2/src/admin.php/Home/Admin/Permission
INFO: [ app_init ] --START--
INFO: Run Behavior\BuildLiteBehavior [ RunTime:0.000023s ]
INFO: [ app_init ] --END-- [ RunTime:0.000354s ]
INFO: [ app_begin ] --START--
INFO: Run Behavior\ReadHtmlCacheBehavior [ RunTime:0.000496s ]
INFO: [ app_begin ] --END-- [ RunTime:0.000595s ]
NOTIC: [2048] Non-static method Home\Lib\Access::_checkPermission() should not be called statically D:\wamp\www\PayGateway_V2\src\admin\Home\Lib\Access.class.php 第 14 行.
SQL: SHOW COLUMNS FROM `admin`.`permission` [ RunTime:0.0028s ]
SQL: SELECT * FROM admin.permission  [ RunTime:0.0022s ]
INFO: [ view_parse ] --START--
INFO: [ template_filter ] --START--
INFO: Run Behavior\ContentReplaceBehavior [ RunTime:0.000152s ]
INFO: [ template_filter ] --END-- [ RunTime:0.000261s ]
NOTIC: [8] Undefined variable: title D:\wamp\www\PayGateway_V2\src\admin\Runtime\Cache\Home\442eb3ef9748289f54ddb9cfe86f2fdb.php 第 12 行.
INFO: Run Behavior\ParseTemplateBehavior [ RunTime:0.010299s ]
INFO: [ view_parse ] --END-- [ RunTime:0.010399s ]
INFO: [ view_filter ] --START--
INFO: Run Behavior\WriteHtmlCacheBehavior [ RunTime:0.000310s ]
INFO: [ view_filter ] --END-- [ RunTime:0.000399s ]
INFO: [ app_end ] --START--
INFO: Run Behavior\ShowPageTraceBehavior [ RunTime:0.000499s ]
INFO: [ app_end ] --END-- [ RunTime:0.000587s ]

[ 2015-04-17T18:33:34+08:00 ] 127.0.0.1 /PayGateway_v2/src/admin.php/Home/Pub/Login/Logout
INFO: [ app_init ] --START--
INFO: Run Behavior\BuildLiteBehavior [ RunTime:0.000035s ]
INFO: [ app_init ] --END-- [ RunTime:0.000632s ]
INFO: [ app_begin ] --START--
INFO: Run Behavior\ReadHtmlCacheBehavior [ RunTime:0.000943s ]
INFO: [ app_begin ] --END-- [ RunTime:0.001113s ]

[ 2015-04-17T18:33:35+08:00 ] 127.0.0.1 /PayGateway_v2/src/admin.php/Home/Pub/Login
INFO: [ app_init ] --START--
INFO: Run Behavior\BuildLiteBehavior [ RunTime:0.000039s ]
INFO: [ app_init ] --END-- [ RunTime:0.000687s ]
INFO: [ app_begin ] --START--
INFO: Run Behavior\ReadHtmlCacheBehavior [ RunTime:0.000947s ]
INFO: [ app_begin ] --END-- [ RunTime:0.001139s ]
INFO: [ view_parse ] --START--
INFO: [ template_filter ] --START--
INFO: Run Behavior\ContentReplaceBehavior [ RunTime:0.000169s ]
INFO: [ template_filter ] --END-- [ RunTime:0.000373s ]
NOTIC: [8] Undefined variable: title D:\wamp\www\PayGateway_V2\src\admin\Runtime\Cache\Home\b461cb9c076995ba23fa9e55dc0c3477.php 第 12 行.
INFO: Run Behavior\ParseTemplateBehavior [ RunTime:0.012814s ]
INFO: [ view_parse ] --END-- [ RunTime:0.013002s ]
INFO: [ view_filter ] --START--
INFO: Run Behavior\WriteHtmlCacheBehavior [ RunTime:0.000374s ]
INFO: [ view_filter ] --END-- [ RunTime:0.000493s ]
INFO: [ app_end ] --START--
INFO: Run Behavior\ShowPageTraceBehavior [ RunTime:0.000540s ]
INFO: [ app_end ] --END-- [ RunTime:0.000612s ]

[ 2015-04-17T18:33:39+08:00 ] 127.0.0.1 /PayGateway_v2/src/admin.php/Home/Pub/Login/login
INFO: [ app_init ] --START--
INFO: Run Behavior\BuildLiteBehavior [ RunTime:0.000046s ]
INFO: [ app_init ] --END-- [ RunTime:0.000781s ]
INFO: [ app_begin ] --START--
INFO: Run Behavior\ReadHtmlCacheBehavior [ RunTime:0.001095s ]
INFO: [ app_begin ] --END-- [ RunTime:0.001334s ]
SQL: SHOW COLUMNS FROM `admin`.`user` [ RunTime:0.0040s ]
SQL: SELECT * FROM admin.user WHERE `account` = 'admin' LIMIT 1   [ RunTime:0.0029s ]
SQL: UPDATE admin.user SET `account`='admin',`name`='admin',`password`='admin',`createTime`='0',`lastLoginTime`='1429266819',`status`='0',`isadmin`='1' WHERE `id` = 1 [ RunTime:0.0075s ]
SQL: SHOW COLUMNS FROM `admin`.`permission` [ RunTime:0.0026s ]
SQL: SELECT * FROM admin.permission  [ RunTime:0.0024s ]
NOTIC: [8] Undefined variable: roleInfo D:\wamp\www\PayGateway_V2\src\admin\Home\Controller\Pub\LoginController.class.php 第 54 行.
NOTIC: [8] Undefined variable: permissionList D:\wamp\www\PayGateway_V2\src\admin\Home\Controller\Pub\LoginController.class.php 第 54 行.
NOTIC: [2] Invalid argument supplied for foreach() D:\wamp\www\PayGateway_V2\src\admin\Home\Lib\Access.class.php 第 48 行.
NOTIC: [2048] Non-static method Home\Lib\Access::recursion() should not be called statically D:\wamp\www\PayGateway_V2\src\admin\Home\Lib\Access.class.php 第 67 行.
NOTIC: [2048] Non-static method Home\Lib\Access::recursion() should not be called statically D:\wamp\www\PayGateway_V2\src\admin\Home\Lib\Access.class.php 第 75 行.
NOTIC: [2048] Non-static method Home\Lib\Access::recursion() should not be called statically D:\wamp\www\PayGateway_V2\src\admin\Home\Lib\Access.class.php 第 75 行.
NOTIC: [2048] Non-static method Home\Lib\Access::recursion() should not be called statically D:\wamp\www\PayGateway_V2\src\admin\Home\Lib\Access.class.php 第 75 行.
NOTIC: [2048] Non-static method Home\Lib\Access::recursion() should not be called statically D:\wamp\www\PayGateway_V2\src\admin\Home\Lib\Access.class.php 第 75 行.
NOTIC: [2048] Non-static method Home\Lib\Access::recursion() should not be called statically D:\wamp\www\PayGateway_V2\src\admin\Home\Lib\Access.class.php 第 75 行.
NOTIC: [2048] Non-static method Home\Lib\Access::recursion() should not be called statically D:\wamp\www\PayGateway_V2\src\admin\Home\Lib\Access.class.php 第 75 行.
NOTIC: [2048] Non-static method Home\Lib\Access::recursion() should not be called statically D:\wamp\www\PayGateway_V2\src\admin\Home\Lib\Access.class.php 第 75 行.
NOTIC: [2048] Non-static method Home\Lib\Access::recursion() should not be called statically D:\wamp\www\PayGateway_V2\src\admin\Home\Lib\Access.class.php 第 75 行.
NOTIC: [2048] Non-static method Home\Lib\Access::recursion() should not be called statically D:\wamp\www\PayGateway_V2\src\admin\Home\Lib\Access.class.php 第 75 行.
NOTIC: [2048] Non-static method Home\Lib\Access::recursion() should not be called statically D:\wamp\www\PayGateway_V2\src\admin\Home\Lib\Access.class.php 第 75 行.
NOTIC: [2048] Non-static method Home\Lib\Access::recursion() should not be called statically D:\wamp\www\PayGateway_V2\src\admin\Home\Lib\Access.class.php 第 75 行.
NOTIC: [2048] Non-static method Home\Lib\Access::recursion() should not be called statically D:\wamp\www\PayGateway_V2\src\admin\Home\Lib\Access.class.php 第 75 行.
NOTIC: [2048] Non-static method Home\Lib\Access::recursion() should not be called statically D:\wamp\www\PayGateway_V2\src\admin\Home\Lib\Access.class.php 第 75 行.
NOTIC: [2048] Non-static method Home\Lib\Access::recursion() should not be called statically D:\wamp\www\PayGateway_V2\src\admin\Home\Lib\Access.class.php 第 75 行.
NOTIC: [2048] Non-static method Home\Lib\Access::recursion() should not be called statically D:\wamp\www\PayGateway_V2\src\admin\Home\Lib\Access.class.php 第 75 行.
NOTIC: [2048] Non-static method Home\Lib\Access::recursion() should not be called statically D:\wamp\www\PayGateway_V2\src\admin\Home\Lib\Access.class.php 第 75 行.
NOTIC: [2048] Non-static method Home\Lib\Access::recursion() should not be called statically D:\wamp\www\PayGateway_V2\src\admin\Home\Lib\Access.class.php 第 75 行.
NOTIC: [2048] Non-static method Home\Lib\Access::recursion() should not be called statically D:\wamp\www\PayGateway_V2\src\admin\Home\Lib\Access.class.php 第 75 行.
NOTIC: [2048] Non-static method Home\Lib\Access::recursion() should not be called statically D:\wamp\www\PayGateway_V2\src\admin\Home\Lib\Access.class.php 第 75 行.

[ 2015-04-17T18:33:39+08:00 ] 127.0.0.1 /PayGateway_v2/src/admin.php/Home/Index
INFO: [ app_init ] --START--
INFO: Run Behavior\BuildLiteBehavior [ RunTime:0.000044s ]
INFO: [ app_init ] --END-- [ RunTime:0.000773s ]
INFO: [ app_begin ] --START--
INFO: Run Behavior\ReadHtmlCacheBehavior [ RunTime:0.000623s ]
INFO: [ app_begin ] --END-- [ RunTime:0.000753s ]
INFO: [ view_parse ] --START--
INFO: [ template_filter ] --START--
INFO: Run Behavior\ContentReplaceBehavior [ RunTime:0.000089s ]
INFO: [ template_filter ] --END-- [ RunTime:0.000226s ]
NOTIC: [8] Undefined variable: title D:\wamp\www\PayGateway_V2\src\admin\Runtime\Cache\Home\369f3dfe81bfdaa7e6ab0e7880b2412e.php 第 12 行.
INFO: Run Behavior\ParseTemplateBehavior [ RunTime:0.009128s ]
INFO: [ view_parse ] --END-- [ RunTime:0.009257s ]
INFO: [ view_filter ] --START--
INFO: Run Behavior\WriteHtmlCacheBehavior [ RunTime:0.000404s ]
INFO: [ view_filter ] --END-- [ RunTime:0.000522s ]
INFO: [ app_end ] --START--
INFO: Run Behavior\ShowPageTraceBehavior [ RunTime:0.000654s ]
INFO: [ app_end ] --END-- [ RunTime:0.000772s ]

[ 2015-04-17T18:33:42+08:00 ] 127.0.0.1 /PayGateway_v2/src/admin.php/Home/Admin/Role
INFO: [ app_init ] --START--
INFO: Run Behavior\BuildLiteBehavior [ RunTime:0.000059s ]
INFO: [ app_init ] --END-- [ RunTime:0.001012s ]
INFO: [ app_begin ] --START--
INFO: Run Behavior\ReadHtmlCacheBehavior [ RunTime:0.001492s ]
INFO: [ app_begin ] --END-- [ RunTime:0.001831s ]
NOTIC: [2048] Non-static method Home\Lib\Access::_checkPermission() should not be called statically D:\wamp\www\PayGateway_V2\src\admin\Home\Lib\Access.class.php 第 14 行.
SQL: SHOW COLUMNS FROM `admin`.`role` [ RunTime:0.0036s ]
SQL: SELECT COUNT(*) AS tp_count FROM admin.role LIMIT 1   [ RunTime:0.0022s ]
SQL: SELECT * FROM admin.role LIMIT 0,10   [ RunTime:0.0022s ]
INFO: [ view_parse ] --START--
INFO: [ template_filter ] --START--
INFO: Run Behavior\ContentReplaceBehavior [ RunTime:0.000178s ]
INFO: [ template_filter ] --END-- [ RunTime:0.000363s ]
NOTIC: [8] Undefined variable: title D:\wamp\www\PayGateway_V2\src\admin\Runtime\Cache\Home\61aff0bb96477051bf0ddeb34209b7fc.php 第 12 行.
INFO: Run Behavior\ParseTemplateBehavior [ RunTime:0.015763s ]
INFO: [ view_parse ] --END-- [ RunTime:0.015955s ]
INFO: [ view_filter ] --START--
INFO: Run Behavior\WriteHtmlCacheBehavior [ RunTime:0.000540s ]
INFO: [ view_filter ] --END-- [ RunTime:0.000691s ]
INFO: [ app_end ] --START--
INFO: Run Behavior\ShowPageTraceBehavior [ RunTime:0.000914s ]
INFO: [ app_end ] --END-- [ RunTime:0.001084s ]

[ 2015-04-17T18:33:43+08:00 ] 127.0.0.1 /PayGateway_v2/src/admin.php/Home/Admin/Permission
INFO: [ app_init ] --START--
INFO: Run Behavior\BuildLiteBehavior [ RunTime:0.000040s ]
INFO: [ app_init ] --END-- [ RunTime:0.000859s ]
INFO: [ app_begin ] --START--
INFO: Run Behavior\ReadHtmlCacheBehavior [ RunTime:0.000968s ]
INFO: [ app_begin ] --END-- [ RunTime:0.001162s ]
NOTIC: [2048] Non-static method Home\Lib\Access::_checkPermission() should not be called statically D:\wamp\www\PayGateway_V2\src\admin\Home\Lib\Access.class.php 第 14 行.
SQL: SHOW COLUMNS FROM `admin`.`permission` [ RunTime:0.0026s ]
SQL: SELECT * FROM admin.permission  [ RunTime:0.0031s ]
INFO: [ view_parse ] --START--
INFO: [ template_filter ] --START--
INFO: Run Behavior\ContentReplaceBehavior [ RunTime:0.000298s ]
INFO: [ template_filter ] --END-- [ RunTime:0.000463s ]
NOTIC: [8] Undefined variable: title D:\wamp\www\PayGateway_V2\src\admin\Runtime\Cache\Home\442eb3ef9748289f54ddb9cfe86f2fdb.php 第 12 行.
INFO: Run Behavior\ParseTemplateBehavior [ RunTime:0.015324s ]
INFO: [ view_parse ] --END-- [ RunTime:0.015500s ]
INFO: [ view_filter ] --START--
INFO: Run Behavior\WriteHtmlCacheBehavior [ RunTime:0.000462s ]
INFO: [ view_filter ] --END-- [ RunTime:0.000592s ]
INFO: [ app_end ] --START--
INFO: Run Behavior\ShowPageTraceBehavior [ RunTime:0.000723s ]
INFO: [ app_end ] --END-- [ RunTime:0.000850s ]

[ 2015-04-17T18:33:44+08:00 ] 127.0.0.1 /PayGateway_v2/src/admin.php/Home/Admin/User
INFO: [ app_init ] --START--
INFO: Run Behavior\BuildLiteBehavior [ RunTime:0.000060s ]
INFO: [ app_init ] --END-- [ RunTime:0.001047s ]
INFO: [ app_begin ] --START--
INFO: Run Behavior\ReadHtmlCacheBehavior [ RunTime:0.001397s ]
INFO: [ app_begin ] --END-- [ RunTime:0.001699s ]
NOTIC: [2048] Non-static method Home\Lib\Access::_checkPermission() should not be called statically D:\wamp\www\PayGateway_V2\src\admin\Home\Lib\Access.class.php 第 14 行.
SQL: SHOW COLUMNS FROM `admin`.`user` [ RunTime:0.0039s ]
SQL: SELECT COUNT(*) AS tp_count FROM admin.user LIMIT 1   [ RunTime:0.0018s ]
SQL: SELECT * FROM admin.user LIMIT 0,10   [ RunTime:0.0020s ]
INFO: [ view_parse ] --START--
INFO: [ template_filter ] --START--
INFO: Run Behavior\ContentReplaceBehavior [ RunTime:0.000216s ]
INFO: [ template_filter ] --END-- [ RunTime:0.000435s ]
NOTIC: [8] Undefined variable: title D:\wamp\www\PayGateway_V2\src\admin\Runtime\Cache\Home\b397220092e8eab9cf8f7de3b74845b7.php 第 12 行.
INFO: Run Behavior\ParseTemplateBehavior [ RunTime:0.018903s ]
INFO: [ view_parse ] --END-- [ RunTime:0.019191s ]
INFO: [ view_filter ] --START--
INFO: Run Behavior\WriteHtmlCacheBehavior [ RunTime:0.000645s ]
INFO: [ view_filter ] --END-- [ RunTime:0.000824s ]
INFO: [ app_end ] --START--
INFO: Run Behavior\ShowPageTraceBehavior [ RunTime:0.001016s ]
INFO: [ app_end ] --END-- [ RunTime:0.001187s ]

[ 2015-04-17T18:35:06+08:00 ] 127.0.0.1 /PayGateway_v2/src/admin.php/Home/Admin/Role
INFO: [ app_init ] --START--
INFO: Run Behavior\BuildLiteBehavior [ RunTime:0.000035s ]
INFO: [ app_init ] --END-- [ RunTime:0.000600s ]
INFO: [ app_begin ] --START--
INFO: Run Behavior\ReadHtmlCacheBehavior [ RunTime:0.000887s ]
INFO: [ app_begin ] --END-- [ RunTime:0.001078s ]
NOTIC: [2048] Non-static method Home\Lib\Access::_checkPermission() should not be called statically D:\wamp\www\PayGateway_V2\src\admin\Home\Lib\Access.class.php 第 14 行.
SQL: SHOW COLUMNS FROM `admin`.`role` [ RunTime:0.0038s ]
SQL: SELECT COUNT(*) AS tp_count FROM admin.role LIMIT 1   [ RunTime:0.0026s ]
SQL: SELECT * FROM admin.role LIMIT 0,10   [ RunTime:0.0027s ]
INFO: [ view_parse ] --START--
INFO: [ template_filter ] --START--
INFO: Run Behavior\ContentReplaceBehavior [ RunTime:0.000179s ]
INFO: [ template_filter ] --END-- [ RunTime:0.000360s ]
NOTIC: [8] Undefined variable: title D:\wamp\www\PayGateway_V2\src\admin\Runtime\Cache\Home\61aff0bb96477051bf0ddeb34209b7fc.php 第 12 行.
INFO: Run Behavior\ParseTemplateBehavior [ RunTime:0.015287s ]
INFO: [ view_parse ] --END-- [ RunTime:0.015468s ]
INFO: [ view_filter ] --START--
INFO: Run Behavior\WriteHtmlCacheBehavior [ RunTime:0.000561s ]
INFO: [ view_filter ] --END-- [ RunTime:0.000718s ]
INFO: [ app_end ] --START--
INFO: Run Behavior\ShowPageTraceBehavior [ RunTime:0.000879s ]
INFO: [ app_end ] --END-- [ RunTime:0.001098s ]

[ 2015-04-17T18:35:14+08:00 ] 127.0.0.1 /PayGateway_v2/src/admin.php/Home/Admin/Role/edit
INFO: [ app_init ] --START--
INFO: Run Behavior\BuildLiteBehavior [ RunTime:0.000035s ]
INFO: [ app_init ] --END-- [ RunTime:0.000601s ]
INFO: [ app_begin ] --START--
INFO: Run Behavior\ReadHtmlCacheBehavior [ RunTime:0.000795s ]
INFO: [ app_begin ] --END-- [ RunTime:0.000944s ]
NOTIC: [2048] Non-static method Home\Lib\Access::_checkPermission() should not be called statically D:\wamp\www\PayGateway_V2\src\admin\Home\Lib\Access.class.php 第 14 行.
SQL: SHOW COLUMNS FROM `admin`.`role` [ RunTime:0.0036s ]
SQL: SELECT * FROM admin.role WHERE `id` = 1 LIMIT 1   [ RunTime:0.0026s ]

[ 2015-04-17T18:35:19+08:00 ] 127.0.0.1 /PayGateway_v2/src/admin.php/Home/Admin/Role/roleUser/id/1
INFO: [ app_init ] --START--
INFO: Run Behavior\BuildLiteBehavior [ RunTime:0.000026s ]
INFO: [ app_init ] --END-- [ RunTime:0.000454s ]
INFO: [ app_begin ] --START--
INFO: Run Behavior\ReadHtmlCacheBehavior [ RunTime:0.000679s ]
INFO: [ app_begin ] --END-- [ RunTime:0.000824s ]
NOTIC: [2048] Non-static method Home\Lib\Access::_checkPermission() should not be called statically D:\wamp\www\PayGateway_V2\src\admin\Home\Lib\Access.class.php 第 14 行.
SQL: SHOW COLUMNS FROM `admin`.`user` [ RunTime:0.0036s ]
SQL: SELECT * FROM admin.user  [ RunTime:0.0027s ]
SQL: SHOW COLUMNS FROM `admin`.`role_user` [ RunTime:0.0028s ]
SQL: SELECT * FROM admin.role_user WHERE `roleId` = 1  [ RunTime:0.0017s ]
INFO: [ view_parse ] --START--
INFO: [ template_filter ] --START--
INFO: Run Behavior\ContentReplaceBehavior [ RunTime:0.000087s ]
INFO: [ template_filter ] --END-- [ RunTime:0.000217s ]
NOTIC: [8] Undefined variable: title D:\wamp\www\PayGateway_V2\src\admin\Runtime\Cache\Home\e3ccad44e0305fd85f297f391544d8ed.php 第 12 行.
INFO: Run Behavior\ParseTemplateBehavior [ RunTime:0.007614s ]
INFO: [ view_parse ] --END-- [ RunTime:0.007729s ]
INFO: [ view_filter ] --START--
INFO: Run Behavior\WriteHtmlCacheBehavior [ RunTime:0.000356s ]
INFO: [ view_filter ] --END-- [ RunTime:0.000460s ]
INFO: [ app_end ] --START--
INFO: Run Behavior\ShowPageTraceBehavior [ RunTime:0.000601s ]
INFO: [ app_end ] --END-- [ RunTime:0.000710s ]

[ 2015-04-17T18:35:24+08:00 ] 127.0.0.1 /PayGateway_v2/src/admin.php/Home/Admin/Role/roleUser/id/1
INFO: [ app_init ] --START--
INFO: Run Behavior\BuildLiteBehavior [ RunTime:0.000025s ]
INFO: [ app_init ] --END-- [ RunTime:0.000436s ]
INFO: [ app_begin ] --START--
INFO: Run Behavior\ReadHtmlCacheBehavior [ RunTime:0.000576s ]
INFO: [ app_begin ] --END-- [ RunTime:0.000694s ]
NOTIC: [2048] Non-static method Home\Lib\Access::_checkPermission() should not be called statically D:\wamp\www\PayGateway_V2\src\admin\Home\Lib\Access.class.php 第 14 行.
SQL: SHOW COLUMNS FROM `admin`.`user` [ RunTime:0.0039s ]
SQL: SELECT * FROM admin.user  [ RunTime:0.0015s ]
SQL: SHOW COLUMNS FROM `admin`.`role_user` [ RunTime:0.0032s ]
SQL: SELECT * FROM admin.role_user WHERE `roleId` = 1  [ RunTime:0.0017s ]
INFO: [ view_parse ] --START--
INFO: [ template_filter ] --START--
INFO: Run Behavior\ContentReplaceBehavior [ RunTime:0.000121s ]
INFO: [ template_filter ] --END-- [ RunTime:0.000251s ]
NOTIC: [8] Undefined variable: title D:\wamp\www\PayGateway_V2\src\admin\Runtime\Cache\Home\e3ccad44e0305fd85f297f391544d8ed.php 第 12 行.
INFO: Run Behavior\ParseTemplateBehavior [ RunTime:0.007883s ]
INFO: [ view_parse ] --END-- [ RunTime:0.008002s ]
INFO: [ view_filter ] --START--
INFO: Run Behavior\WriteHtmlCacheBehavior [ RunTime:0.000364s ]
INFO: [ view_filter ] --END-- [ RunTime:0.000469s ]
INFO: [ app_end ] --START--
INFO: Run Behavior\ShowPageTraceBehavior [ RunTime:0.000607s ]
INFO: [ app_end ] --END-- [ RunTime:0.000716s ]

